<?xml version="1.0" encoding="UTF-8"?>
<testsuite xmlns:xsi="http://www.w3.org/2001/XMLSchema-instance" xsi:noNamespaceSchemaLocation="https://maven.apache.org/surefire/maven-surefire-plugin/xsd/surefire-test-report.xsd" name="org.llamas.readingapp.ReadingappApplicationTests" time="1.509" tests="1" errors="1" skipped="0" failures="0">
  <properties>
[...]
</properties>
  <testcase name="org.llamas.readingapp.ReadingappApplicationTests" classname="org.llamas.readingapp.ReadingappApplicationTests" time="1.507">
    <error message="Found multiple @SpringBootConfiguration annotated classes [Generic bean: class [org.llamas.readingapp.ReadingappApplication]; scope=; abstract=false; lazyInit=null; autowireMode=0; dependencyCheck=0; autowireCandidate=true; primary=false; factoryBeanName=null; factoryMethodName=null; initMethodName=null; destroyMethodName=null; defined in file [/Users/jonathansinger/Documents/Reading-app-rest/target/classes/org/llamas/readingapp/ReadingappApplication.class], Generic bean: class [org.llamas.readingapp.SpringBootFileDownoad]; scope=; abstract=false; lazyInit=null; autowireMode=0; dependencyCheck=0; autowireCandidate=true; primary=false; factoryBeanName=null; factoryMethodName=null; initMethodName=null; destroyMethodName=null; defined in file [/Users/jonathansinger/Documents/Reading-app-rest/target/classes/org/llamas/readingapp/SpringBootFileDownoad.class]]" type="java.lang.IllegalStateException">java.lang.IllegalStateException: Found multiple @SpringBootConfiguration annotated classes [Generic bean: class [org.llamas.readingapp.ReadingappApplication]; scope=; abstract=false; lazyInit=null; autowireMode=0; dependencyCheck=0; autowireCandidate=true; primary=false; factoryBeanName=null; factoryMethodName=null; initMethodName=null; destroyMethodName=null; defined in file [/Users/jonathansinger/Documents/Reading-app-rest/target/classes/org/llamas/readingapp/ReadingappApplication.class], Generic bean: class [org.llamas.readingapp.SpringBootFileDownoad]; scope=; abstract=false; lazyInit=null; autowireMode=0; dependencyCheck=0; autowireCandidate=true; primary=false; factoryBeanName=null; factoryMethodName=null; initMethodName=null; destroyMethodName=null; defined in file [/Users/jonathansinger/Documents/Reading-app-rest/target/classes/org/llamas/readingapp/SpringBootFileDownoad.class]]
</error>
    <system-out><![CDATA[19:55:13.008 [main] DEBUG org.springframework.test.context.BootstrapUtils - Instantiating CacheAwareContextLoaderDelegate from class [org.springframework.test.context.cache.DefaultCacheAwareContextLoaderDelegate]
19:55:13.058 [main] DEBUG org.springframework.test.context.BootstrapUtils - Instantiating BootstrapContext using constructor [public org.springframework.test.context.support.DefaultBootstrapContext(java.lang.Class,org.springframework.test.context.CacheAwareContextLoaderDelegate)]
19:55:13.205 [main] DEBUG org.springframework.test.context.BootstrapUtils - Instantiating TestContextBootstrapper for test class [org.llamas.readingapp.ReadingappApplicationTests] from class [org.springframework.boot.test.context.SpringBootTestContextBootstrapper]
19:55:13.283 [main] INFO org.springframework.boot.test.context.SpringBootTestContextBootstrapper - Neither @ContextConfiguration nor @ContextHierarchy found for test class [org.llamas.readingapp.ReadingappApplicationTests], using SpringBootContextLoader
19:55:13.302 [main] DEBUG org.springframework.test.context.support.AbstractContextLoader - Did not detect default resource location for test class [org.llamas.readingapp.ReadingappApplicationTests]: class path resource [org/llamas/readingapp/ReadingappApplicationTests-context.xml] does not exist
19:55:13.305 [main] DEBUG org.springframework.test.context.support.AbstractContextLoader - Did not detect default resource location for test class [org.llamas.readingapp.ReadingappApplicationTests]: class path resource [org/llamas/readingapp/ReadingappApplicationTestsContext.groovy] does not exist
19:55:13.305 [main] INFO org.springframework.test.context.support.AbstractContextLoader - Could not detect default resource locations for test class [org.llamas.readingapp.ReadingappApplicationTests]: no resource found for suffixes {-context.xml, Context.groovy}.
19:55:13.311 [main] INFO org.springframework.test.context.support.AnnotationConfigContextLoaderUtils - Could not detect default configuration classes for test class [org.llamas.readingapp.ReadingappApplicationTests]: ReadingappApplicationTests does not declare any static, non-private, non-final, nested classes annotated with @Configuration.
19:55:13.493 [main] DEBUG org.springframework.test.context.support.ActiveProfilesUtils - Could not find an 'annotation declaring class' for annotation type [org.springframework.test.context.ActiveProfiles] and class [org.llamas.readingapp.ReadingappApplicationTests]
19:55:13.790 [main] DEBUG org.springframework.context.annotation.ClassPathScanningCandidateComponentProvider - Identified candidate component class: file [/Users/jonathansinger/Documents/Reading-app-rest/target/classes/org/llamas/readingapp/ReadingappApplication.class]
19:55:13.793 [main] DEBUG org.springframework.context.annotation.ClassPathScanningCandidateComponentProvider - Identified candidate component class: file [/Users/jonathansinger/Documents/Reading-app-rest/target/classes/org/llamas/readingapp/SpringBootFileDownoad.class]
19:55:13.854 [main] DEBUG org.springframework.test.context.BootstrapUtils - Instantiating CacheAwareContextLoaderDelegate from class [org.springframework.test.context.cache.DefaultCacheAwareContextLoaderDelegate]
19:55:13.871 [main] DEBUG org.springframework.test.context.BootstrapUtils - Instantiating BootstrapContext using constructor [public org.springframework.test.context.support.DefaultBootstrapContext(java.lang.Class,org.springframework.test.context.CacheAwareContextLoaderDelegate)]
19:55:13.887 [main] DEBUG org.springframework.test.context.BootstrapUtils - Instantiating TestContextBootstrapper for test class [org.llamas.readingapp.ReadingappApplicationTests] from class [org.springframework.boot.test.context.SpringBootTestContextBootstrapper]
19:55:13.901 [main] INFO org.springframework.boot.test.context.SpringBootTestContextBootstrapper - Neither @ContextConfiguration nor @ContextHierarchy found for test class [org.llamas.readingapp.ReadingappApplicationTests], using SpringBootContextLoader
19:55:13.904 [main] DEBUG org.springframework.test.context.support.AbstractContextLoader - Did not detect default resource location for test class [org.llamas.readingapp.ReadingappApplicationTests]: class path resource [org/llamas/readingapp/ReadingappApplicationTests-context.xml] does not exist
19:55:13.910 [main] DEBUG org.springframework.test.context.support.AbstractContextLoader - Did not detect default resource location for test class [org.llamas.readingapp.ReadingappApplicationTests]: class path resource [org/llamas/readingapp/ReadingappApplicationTestsContext.groovy] does not exist
19:55:13.914 [main] INFO org.springframework.test.context.support.AbstractContextLoader - Could not detect default resource locations for test class [org.llamas.readingapp.ReadingappApplicationTests]: no resource found for suffixes {-context.xml, Context.groovy}.
19:55:13.917 [main] INFO org.springframework.test.context.support.AnnotationConfigContextLoaderUtils - Could not detect default configuration classes for test class [org.llamas.readingapp.ReadingappApplicationTests]: ReadingappApplicationTests does not declare any static, non-private, non-final, nested classes annotated with @Configuration.
19:55:13.923 [main] DEBUG org.springframework.test.context.support.ActiveProfilesUtils - Could not find an 'annotation declaring class' for annotation type [org.springframework.test.context.ActiveProfiles] and class [org.llamas.readingapp.ReadingappApplicationTests]
19:55:13.940 [main] DEBUG org.springframework.context.annotation.ClassPathScanningCandidateComponentProvider - Identified candidate component class: file [/Users/jonathansinger/Documents/Reading-app-rest/target/classes/org/llamas/readingapp/ReadingappApplication.class]
19:55:13.943 [main] DEBUG org.springframework.context.annotation.ClassPathScanningCandidateComponentProvider - Identified candidate component class: file [/Users/jonathansinger/Documents/Reading-app-rest/target/classes/org/llamas/readingapp/SpringBootFileDownoad.class]
19:55:13.946 [main] DEBUG org.springframework.test.context.BootstrapUtils - Instantiating CacheAwareContextLoaderDelegate from class [org.springframework.test.context.cache.DefaultCacheAwareContextLoaderDelegate]
19:55:13.947 [main] DEBUG org.springframework.test.context.BootstrapUtils - Instantiating BootstrapContext using constructor [public org.springframework.test.context.support.DefaultBootstrapContext(java.lang.Class,org.springframework.test.context.CacheAwareContextLoaderDelegate)]
19:55:13.951 [main] DEBUG org.springframework.test.context.BootstrapUtils - Instantiating TestContextBootstrapper for test class [org.llamas.readingapp.ReadingappApplicationTests] from class [org.springframework.boot.test.context.SpringBootTestContextBootstrapper]
19:55:13.954 [main] INFO org.springframework.boot.test.context.SpringBootTestContextBootstrapper - Neither @ContextConfiguration nor @ContextHierarchy found for test class [org.llamas.readingapp.ReadingappApplicationTests], using SpringBootContextLoader
19:55:13.960 [main] DEBUG org.springframework.test.context.support.AbstractContextLoader - Did not detect default resource location for test class [org.llamas.readingapp.ReadingappApplicationTests]: class path resource [org/llamas/readingapp/ReadingappApplicationTests-context.xml] does not exist
19:55:13.961 [main] DEBUG org.springframework.test.context.support.AbstractContextLoader - Did not detect default resource location for test class [org.llamas.readingapp.ReadingappApplicationTests]: class path resource [org/llamas/readingapp/ReadingappApplicationTestsContext.groovy] does not exist
19:55:13.966 [main] INFO org.springframework.test.context.support.AbstractContextLoader - Could not detect default resource locations for test class [org.llamas.readingapp.ReadingappApplicationTests]: no resource found for suffixes {-context.xml, Context.groovy}.
19:55:13.969 [main] INFO org.springframework.test.context.support.AnnotationConfigContextLoaderUtils - Could not detect default configuration classes for test class [org.llamas.readingapp.ReadingappApplicationTests]: ReadingappApplicationTests does not declare any static, non-private, non-final, nested classes annotated with @Configuration.
19:55:13.973 [main] DEBUG org.springframework.test.context.support.ActiveProfilesUtils - Could not find an 'annotation declaring class' for annotation type [org.springframework.test.context.ActiveProfiles] and class [org.llamas.readingapp.ReadingappApplicationTests]
19:55:13.999 [main] DEBUG org.springframework.context.annotation.ClassPathScanningCandidateComponentProvider - Identified candidate component class: file [/Users/jonathansinger/Documents/Reading-app-rest/target/classes/org/llamas/readingapp/ReadingappApplication.class]
19:55:14.000 [main] DEBUG org.springframework.context.annotation.ClassPathScanningCandidateComponentProvider - Identified candidate component class: file [/Users/jonathansinger/Documents/Reading-app-rest/target/classes/org/llamas/readingapp/SpringBootFileDownoad.class]
]]></system-out>
  </testcase>
</testsuite>